
**** Build of configuration Debug for project msp430g2xx2_P1_01.c ****

"C:\\ti\\ccs1280\\ccs\\utils\\bin\\gmake" -k -j 8 all -O 
 
Building target: "msp430g2xx2_P1_01.c.out"
Invoking: MSP430 Linker
"C:/ti/ccs1280/ccs/tools/compiler/ti-cgt-msp430_21.6.1.LTS/bin/cl430" -vmsp --use_hw_mpy=none --advice:power=all --define=__MSP430G2452__ -g --printf_support=minimal --diag_warning=225 --diag_wrap=off --display_error_number -z -m"msp430g2xx2_P1_01.c.map" --heap_size=80 --stack_size=80 -i"C:/ti/ccs1280/ccs/ccs_base/msp430/include" -i"C:/ti/ccs1280/ccs/tools/compiler/ti-cgt-msp430_21.6.1.LTS/lib" -i"C:/ti/ccs1280/ccs/tools/compiler/ti-cgt-msp430_21.6.1.LTS/include" --reread_libs --diag_wrap=off --display_error_number --warn_sections --xml_link_info="msp430g2xx2_P1_01.c_linkInfo.xml" --use_hw_mpy=none --rom_model -o "msp430g2xx2_P1_01.c.out" "./msp430g2xx2_P1_01.obj" "../lnk_msp430g2452.cmd"  -llibc.a 
<Linking>
 
 undefined first referenced       
  symbol       in file            
 --------- ----------------       
 IFG2      ./msp430g2xx2_P1_01.obj
 UCA0BR0   ./msp430g2xx2_P1_01.obj
 UCA0BR1   ./msp430g2xx2_P1_01.obj
 UCA0CTL1  ./msp430g2xx2_P1_01.obj
 UCA0MCTL  ./msp430g2xx2_P1_01.obj
remark #10371-D: (ULP 1.1) Detected no uses of low power mode state changing instructions
 UCA0TXBUF ./msp430g2xx2_P1_01.obj
remark #10372-D: (ULP 4.1) Detected uninitialized Port 2 in this project. Recommend initializing all unused ports to eliminate wasted current consumption on unused pins.
remark #10372-D: (ULP 4.1) Detected uninitialized Port 3 in this project. Recommend initializing all unused ports to eliminate wasted current consumption on unused pins.
 
>> Compilation failure
makefile:135: recipe for target 'msp430g2xx2_P1_01.c.out' failed
 
error #10234-D: unresolved symbols remain
error #10010: errors encountered during linking; "msp430g2xx2_P1_01.c.out" not built
gmake[1]: *** [msp430g2xx2_P1_01.c.out] Error 1
makefile:131: recipe for target 'all' failed
gmake: *** [all] Error 2

**** Build Finished ****
