
**** Build of configuration Debug for project WoodenMirror ****

"C:\\ti\\ccs1280\\ccs\\utils\\bin\\gmake" -k -j 8 all -O 
 
Building file: "../main.c"
Invoking: MSP430 Compiler
"C:/ti/ccs1280/ccs/tools/compiler/ti-cgt-msp430_21.6.1.LTS/bin/cl430" -vmsp --use_hw_mpy=none --include_path="C:/ti/ccs1280/ccs/ccs_base/msp430/include" --include_path="C:/Users/Owner/Documents/GitHub/WoodenMirrorCode/WoodenMirror" --include_path="C:/ti/ccs1280/ccs/tools/compiler/ti-cgt-msp430_21.6.1.LTS/include" --advice:power=all --define=__MSP430G2233__ -g --printf_support=minimal --diag_warning=225 --diag_wrap=off --display_error_number --preproc_with_compile --preproc_dependency="main.d_raw"  "../main.c"
"../main.c", line 78: remark #1527-D: (ULP 2.1) Detected SW delay loop using empty loop. Recommend using a timer module instead
"../main.c", line 142: remark #1528-D: (ULP 3.1) Detected flag polling using IFG2. Recommend using an interrupt combined with enter LPMx and ISR
"../main.c", line 147: remark #1528-D: (ULP 3.1) Detected flag polling using IFG2. Recommend using an interrupt combined with enter LPMx and ISR
"../main.c", line 159: remark #1533-D: (ULP 6.1) Detected use of multiplication on a device that has no hardware multiplier
"../main.c", line 175: remark #1544-D: (ULP 13.1) Detected loop counting up. Recommend loops count down as detecting zeros is easier
"../main.c", line 175: remark #1527-D: (ULP 2.1) Detected SW delay loop using empty loop. Recommend using a timer module instead
"../main.c", line 181: remark #1544-D: (ULP 13.1) Detected loop counting up. Recommend loops count down as detecting zeros is easier
"../main.c", line 184: remark #1527-D: (ULP 2.1) Detected SW delay loop using __delay_cycles. Recommend using a timer module instead
"../main.c", line 304: remark #1538-D: (ULP 10.1) ISR USCI0RX_ISR calls function moveServo. Recommend moving function call away from ISR, or inlining the function, or using pragmas
"../main.c", line 306: remark #1538-D: (ULP 10.1) ISR USCI0RX_ISR calls function fillStrip. Recommend moving function call away from ISR, or inlining the function, or using pragmas
"../main.c", line 312: remark #1538-D: (ULP 10.1) ISR USCI0RX_ISR calls function fillStrip. Recommend moving function call away from ISR, or inlining the function, or using pragmas
"../main.c", line 316: remark #1538-D: (ULP 10.1) ISR USCI0RX_ISR calls function fillStrip. Recommend moving function call away from ISR, or inlining the function, or using pragmas
"../main.c", line 320: remark #1538-D: (ULP 10.1) ISR USCI0RX_ISR calls function fillStrip. Recommend moving function call away from ISR, or inlining the function, or using pragmas
"../main.c", line 324: remark #1538-D: (ULP 10.1) ISR USCI0RX_ISR calls function fillStrip. Recommend moving function call away from ISR, or inlining the function, or using pragmas
"../main.c", line 332: remark #1538-D: (ULP 10.1) ISR USCI0RX_ISR calls function UART_SendChar. Recommend moving function call away from ISR, or inlining the function, or using pragmas
"../main.c", line 333: remark #1538-D: (ULP 10.1) ISR USCI0RX_ISR calls function fillStrip. Recommend moving function call away from ISR, or inlining the function, or using pragmas
"../main.c", line 336: remark #1527-D: (ULP 2.1) Detected SW delay loop using __delay_cycles. Recommend using a timer module instead
"../main.c", line 304: remark #1538-D: (ULP 10.1) ISR USCI0RX_ISR calls function moveServo. Recommend moving function call away from ISR, or inlining the function, or using pragmas
"../main.c", line 306: remark #1538-D: (ULP 10.1) ISR USCI0RX_ISR calls function fillStrip. Recommend moving function call away from ISR, or inlining the function, or using pragmas
"../main.c", line 312: remark #1538-D: (ULP 10.1) ISR USCI0RX_ISR calls function fillStrip. Recommend moving function call away from ISR, or inlining the function, or using pragmas
"../main.c", line 316: remark #1538-D: (ULP 10.1) ISR USCI0RX_ISR calls function fillStrip. Recommend moving function call away from ISR, or inlining the function, or using pragmas
"../main.c", line 320: remark #1538-D: (ULP 10.1) ISR USCI0RX_ISR calls function fillStrip. Recommend moving function call away from ISR, or inlining the function, or using pragmas
"../main.c", line 324: remark #1538-D: (ULP 10.1) ISR USCI0RX_ISR calls function fillStrip. Recommend moving function call away from ISR, or inlining the function, or using pragmas
"../main.c", line 332: remark #1538-D: (ULP 10.1) ISR USCI0RX_ISR calls function UART_SendChar. Recommend moving function call away from ISR, or inlining the function, or using pragmas
"../main.c", line 333: remark #1538-D: (ULP 10.1) ISR USCI0RX_ISR calls function fillStrip. Recommend moving function call away from ISR, or inlining the function, or using pragmas
"../main.c", line 336: remark #1527-D: (ULP 2.1) Detected SW delay loop using __delay_cycles. Recommend using a timer module instead
Finished building: "../main.c"
 
Building target: "WoodenMirror.out"
Invoking: MSP430 Linker
"C:/ti/ccs1280/ccs/tools/compiler/ti-cgt-msp430_21.6.1.LTS/bin/cl430" -vmsp --use_hw_mpy=none --advice:power=all --define=__MSP430G2233__ -g --printf_support=minimal --diag_warning=225 --diag_wrap=off --display_error_number -z -m"WoodenMirror.map" --heap_size=80 --stack_size=80 -i"C:/ti/ccs1280/ccs/ccs_base/msp430/include" -i"C:/ti/ccs1280/ccs/tools/compiler/ti-cgt-msp430_21.6.1.LTS/lib" -i"C:/ti/ccs1280/ccs/tools/compiler/ti-cgt-msp430_21.6.1.LTS/include" --reread_libs --diag_wrap=off --display_error_number --warn_sections --xml_link_info="WoodenMirror_linkInfo.xml" --use_hw_mpy=none --rom_model -o "WoodenMirror.out" "./main.obj" "./ws2812.obj" "../lnk_msp430g2233.cmd"  -llibc.a 
<Linking>
remark #10372-D: (ULP 4.1) Detected uninitialized Port 3 in this project. Recommend initializing all unused ports to eliminate wasted current consumption on unused pins.
Finished building target: "WoodenMirror.out"
 

**** Build Finished ****
